\BOOKMARK [1][-]{section.1}{Introduction}{}% 1
\BOOKMARK [1][-]{section.2}{Lebesgue Measure}{}% 2
\BOOKMARK [2][-]{subsection.2.1}{Lebesgue Outer \(Exterior\) Measure}{section.2}% 3
\BOOKMARK [2][-]{subsection.2.2}{Invariance Properties of the Lebesgue Measure}{section.2}% 4
\BOOKMARK [2][-]{subsection.2.3}{Lebesgue Measurable Functions}{section.2}% 5
\BOOKMARK [3][-]{subsubsection.2.3.1}{Defining Measurability on Functions}{subsection.2.3}% 6
\BOOKMARK [3][-]{subsubsection.2.3.2}{Approximation of Functions with Pointwise Functions}{subsection.2.3}% 7
\BOOKMARK [3][-]{subsubsection.2.3.3}{Approximation of Functions with Step Functions}{subsection.2.3}% 8
\BOOKMARK [3][-]{subsubsection.2.3.4}{Approximation of Functions with Polynomial Functions}{subsection.2.3}% 9
\BOOKMARK [3][-]{subsubsection.2.3.5}{Littlewood Principles}{subsection.2.3}% 10
\BOOKMARK [1][-]{section.3}{Lebesgue Integration}{}% 11
\BOOKMARK [2][-]{subsection.3.1}{Integration of Simple Functions}{section.3}% 12
\BOOKMARK [2][-]{subsection.3.2}{Integration of Bounded Functions of Finite Measure}{section.3}% 13
\BOOKMARK [2][-]{subsection.3.3}{Integration of Non-negative Functions}{section.3}% 14
\BOOKMARK [2][-]{subsection.3.4}{Convergence Theorems}{section.3}% 15
\BOOKMARK [2][-]{subsection.3.5}{General Lebesgue Integrable Functions}{section.3}% 16
\BOOKMARK [2][-]{subsection.3.6}{Lp Spaces}{section.3}% 17
\BOOKMARK [3][-]{subsubsection.3.6.1}{L1 spaces}{subsection.3.6}% 18
\BOOKMARK [3][-]{subsubsection.3.6.2}{Density Properties of the L1 space}{subsection.3.6}% 19
\BOOKMARK [3][-]{subsubsection.3.6.3}{Invariance Properties of the Lebesgue Integral}{subsection.3.6}% 20
\BOOKMARK [2][-]{subsection.3.7}{Fubini's Theorem}{section.3}% 21
\BOOKMARK [3][-]{subsubsection.3.7.1}{Fubini-Tonelli Theorem}{subsection.3.7}% 22
\BOOKMARK [1][-]{section.4}{Differentiation of Lebesgue Integrals}{}% 23
\BOOKMARK [2][-]{subsection.4.1}{Mean Value Theorem}{section.4}% 24
\BOOKMARK [2][-]{subsection.4.2}{Differentiation of the Lebesgue Integral}{section.4}% 25
\BOOKMARK [2][-]{subsection.4.3}{Covering Lemma To Demonstrate Weak-L1 Property}{section.4}% 26
\BOOKMARK [2][-]{subsection.4.4}{Hardy-Littlewood Maximal Function and Weak-L1 Functions}{section.4}% 27
\BOOKMARK [2][-]{subsection.4.5}{Lebesgue Differentiation Theorem}{section.4}% 28
\BOOKMARK [2][-]{subsection.4.6}{Good Kernels and Approximating the Identity}{section.4}% 29
\BOOKMARK [2][-]{subsection.4.7}{Differentiation of Functions}{section.4}% 30
\BOOKMARK [3][-]{subsubsection.4.7.1}{Bounded Variation - To Enable Differentiability Almost Everywhere}{subsection.4.7}% 31
\BOOKMARK [3][-]{subsubsection.4.7.2}{Why is Bounded Variation Not Enough for Fundamental Theorem of Calculus?}{subsection.4.7}% 32
\BOOKMARK [3][-]{subsubsection.4.7.3}{Absolute Continuity - To Enable Second Fundamental Theorem of Calculus}{subsection.4.7}% 33
\BOOKMARK [2][-]{subsection.4.8}{Conclusions Thus Far}{section.4}% 34
\BOOKMARK [2][-]{subsection.4.9}{Jump Functions and Their Differentiability}{section.4}% 35
\BOOKMARK [1][-]{section.5}{Hilbert Spaces}{}% 36
\BOOKMARK [2][-]{subsection.5.1}{The L2 space: square integrable functions}{section.5}% 37
\BOOKMARK [2][-]{subsection.5.2}{L2 to Hilbert Spaces}{section.5}% 38
\BOOKMARK [3][-]{subsubsection.5.2.1}{Orthogonality in Hilbert Spaces}{subsection.5.2}% 39
\BOOKMARK [3][-]{subsubsection.5.2.2}{Unitary Mappings in Hilbert Spaces}{subsection.5.2}% 40
\BOOKMARK [2][-]{subsection.5.3}{Fourier Series and Fatou's Theorem}{section.5}% 41
\BOOKMARK [2][-]{subsection.5.4}{Closed Hilbert Subspaces and Orthogonal Projections}{section.5}% 42
\BOOKMARK [2][-]{subsection.5.5}{Linear Transformations on Hilbert Spaces}{section.5}% 43
\BOOKMARK [2][-]{subsection.5.6}{Riesz Representation Theorem}{section.5}% 44
\BOOKMARK [3][-]{subsubsection.5.6.1}{Adjoints}{subsection.5.6}% 45
\BOOKMARK [1][-]{section.6}{Sample Space and Sigma-Fields}{}% 46
\BOOKMARK [2][-]{subsection.6.1}{Sample Space}{section.6}% 47
\BOOKMARK [2][-]{subsection.6.2}{Sigma-Fields}{section.6}% 48
\BOOKMARK [3][-]{subsubsection.6.2.1}{General Set Theory Closure Properties}{subsection.6.2}% 49
\BOOKMARK [3][-]{subsubsection.6.2.2}{General Definitions}{subsection.6.2}% 50
\BOOKMARK [3][-]{subsubsection.6.2.3}{Generating Fields, MC, Sigma-Fields}{subsection.6.2}% 51
\BOOKMARK [3][-]{subsubsection.6.2.4}{Good Sets Argument}{subsection.6.2}% 52
\BOOKMARK [1][-]{section.7}{Probability Measure}{}% 53
\BOOKMARK [2][-]{subsection.7.1}{Introduction}{section.7}% 54
\BOOKMARK [3][-]{subsubsection.7.1.1}{Axioms of Probability Theory}{subsection.7.1}% 55
\BOOKMARK [3][-]{subsubsection.7.1.2}{Probability Measures on Fields and Sigma-Fields}{subsection.7.1}% 56
\BOOKMARK [2][-]{subsection.7.2}{Uniform Probability on \(0, 1]}{section.7}% 57
\BOOKMARK [3][-]{subsubsection.7.2.1}{Sample Space}{subsection.7.2}% 58
\BOOKMARK [3][-]{subsubsection.7.2.2}{-field}{subsection.7.2}% 59
\BOOKMARK [2][-]{subsection.7.3}{Extension Theorem}{section.7}% 60
\BOOKMARK [3][-]{subsubsection.7.3.1}{Probability Measures}{subsection.7.3}% 61
